# JRE version: Java(TM) SE Runtime Environment (17.0.12+8) (build 17.0.12+8-LTS-286)
# Java VM: Java HotSpot(TM) 64-Bit Server VM (17.0.12+8-LTS-286, mixed mode, sharing, tiered, compressed oops, compressed class ptrs, g1 gc, windows-amd64)
GC Precious Log:
 CPUs: 8 total, 8 available
 Memory: 16086M
 Large Page Support: Disabled
 NUMA Support: Disabled
 Compressed Oops: Enabled (32-bit)
 Heap Region Size: 1M
 Heap Min Capacity: 8M
 Heap Initial Capacity: 252M
 Heap Max Capacity: 2G
 Pre-touch: Disabled
 Parallel Workers: 8
 Concurrent Workers: 2
 Concurrent Refinement Workers: 8
 Periodic GC: Disabled
Heap:
 garbage-first heap   total 413696K, used 313219K [0x0000000080000000, 0x0000000100000000)
  region size 1024K, 58 young (59392K), 9 survivors (9216K)
 Metaspace       used 123522K, committed 125056K, reserved 557056K
  class space    used 16955K, committed 17728K, reserved 425984K
GC Heap History (20 events):
Event: 20.285 GC heap before
{Heap before GC invocations=60 (full 0):
 garbage-first heap   total 344064K, used 286270K [0x0000000080000000, 0x0000000100000000)
  region size 1024K, 65 young (66560K), 9 survivors (9216K)
 Metaspace       used 115505K, committed 116864K, reserved 557056K
  class space    used 16087K, committed 16768K, reserved 425984K
}
Event: 20.294 GC heap after
{Heap after GC invocations=61 (full 0):
 garbage-first heap   total 344064K, used 236744K [0x0000000080000000, 0x0000000100000000)
  region size 1024K, 8 young (8192K), 8 survivors (8192K)
 Metaspace       used 115505K, committed 116864K, reserved 557056K
  class space    used 16087K, committed 16768K, reserved 425984K
}
Event: 20.472 GC heap before
{Heap before GC invocations=61 (full 0):
 garbage-first heap   total 344064K, used 286920K [0x0000000080000000, 0x0000000100000000)
  region size 1024K, 58 young (59392K), 8 survivors (8192K)
 Metaspace       used 115742K, committed 117056K, reserved 557056K
  class space    used 16111K, committed 16768K, reserved 425984K
}
Event: 20.477 GC heap after
{Heap after GC invocations=62 (full 0):
 garbage-first heap   total 413696K, used 238769K [0x0000000080000000, 0x0000000100000000)
  region size 1024K, 5 young (5120K), 5 survivors (5120K)
 Metaspace       used 115742K, committed 117056K, reserved 557056K
  class space    used 16111K, committed 16768K, reserved 425984K
}
Event: 20.724 GC heap before
{Heap before GC invocations=62 (full 0):
 garbage-first heap   total 413696K, used 337073K [0x0000000080000000, 0x0000000100000000)
  region size 1024K, 101 young (103424K), 5 survivors (5120K)
 Metaspace       used 115749K, committed 117056K, reserved 557056K
  class space    used 16111K, committed 16768K, reserved 425984K
}
Event: 20.728 GC heap after
{Heap after GC invocations=63 (full 0):
 garbage-first heap   total 413696K, used 240399K [0x0000000080000000, 0x0000000100000000)
  region size 1024K, 6 young (6144K), 6 survivors (6144K)
 Metaspace       used 115749K, committed 117056K, reserved 557056K
  class space    used 16111K, committed 16768K, reserved 425984K
}
Event: 21.084 GC heap before
{Heap before GC invocations=63 (full 0):
 garbage-first heap   total 413696K, used 341775K [0x0000000080000000, 0x0000000100000000)
  region size 1024K, 105 young (107520K), 6 survivors (6144K)
 Metaspace       used 115749K, committed 117056K, reserved 557056K
  class space    used 16111K, committed 16768K, reserved 425984K
}
Event: 21.088 GC heap after
{Heap after GC invocations=64 (full 0):
 garbage-first heap   total 413696K, used 242688K [0x0000000080000000, 0x0000000100000000)
  region size 1024K, 8 young (8192K), 8 survivors (8192K)
 Metaspace       used 115749K, committed 117056K, reserved 557056K
  class space    used 16111K, committed 16768K, reserved 425984K
}
Event: 21.604 GC heap before
{Heap before GC invocations=64 (full 0):
 garbage-first heap   total 413696K, used 344064K [0x0000000080000000, 0x0000000100000000)
  region size 1024K, 108 young (110592K), 8 survivors (8192K)
 Metaspace       used 115861K, committed 117184K, reserved 557056K
  class space    used 16122K, committed 16768K, reserved 425984K
}
Event: 21.610 GC heap after
{Heap after GC invocations=65 (full 0):
 garbage-first heap   total 413696K, used 246295K [0x0000000080000000, 0x0000000100000000)
  region size 1024K, 11 young (11264K), 11 survivors (11264K)
 Metaspace       used 115861K, committed 117184K, reserved 557056K
  class space    used 16122K, committed 16768K, reserved 425984K
}
Event: 22.031 GC heap before
{Heap before GC invocations=65 (full 0):
 garbage-first heap   total 413696K, used 345623K [0x0000000080000000, 0x0000000100000000)
  region size 1024K, 109 young (111616K), 11 survivors (11264K)
 Metaspace       used 116093K, committed 117440K, reserved 557056K
  class space    used 16144K, committed 16832K, reserved 425984K
}
Event: 22.038 GC heap after
{Heap after GC invocations=66 (full 0):
 garbage-first heap   total 413696K, used 251311K [0x0000000080000000, 0x0000000100000000)
  region size 1024K, 11 young (11264K), 11 survivors (11264K)
 Metaspace       used 116093K, committed 117440K, reserved 557056K
  class space    used 16144K, committed 16832K, reserved 425984K
}
Event: 22.714 GC heap before
{Heap before GC invocations=66 (full 0):
 garbage-first heap   total 413696K, used 347567K [0x0000000080000000, 0x0000000100000000)
  region size 1024K, 106 young (108544K), 11 survivors (11264K)
 Metaspace       used 116340K, committed 117760K, reserved 557056K
  class space    used 16162K, committed 16832K, reserved 425984K
}
Event: 22.724 GC heap after
{Heap after GC invocations=67 (full 0):
 garbage-first heap   total 413696K, used 254191K [0x0000000080000000, 0x0000000100000000)
  region size 1024K, 11 young (11264K), 11 survivors (11264K)
 Metaspace       used 116340K, committed 117760K, reserved 557056K
  class space    used 16162K, committed 16832K, reserved 425984K
}
Event: 23.024 GC heap before
{Heap before GC invocations=67 (full 0):
 garbage-first heap   total 413696K, used 348399K [0x0000000080000000, 0x0000000100000000)
  region size 1024K, 104 young (106496K), 11 survivors (11264K)
 Metaspace       used 116401K, committed 117824K, reserved 557056K
  class space    used 16166K, committed 16832K, reserved 425984K
}
Event: 23.031 GC heap after
{Heap after GC invocations=68 (full 0):
 garbage-first heap   total 413696K, used 256643K [0x0000000080000000, 0x0000000100000000)
  region size 1024K, 8 young (8192K), 8 survivors (8192K)
 Metaspace       used 116401K, committed 117824K, reserved 557056K
  class space    used 16166K, committed 16832K, reserved 425984K
}
Event: 24.750 GC heap before
{Heap before GC invocations=68 (full 0):
 garbage-first heap   total 413696K, used 355971K [0x0000000080000000, 0x0000000100000000)
  region size 1024K, 101 young (103424K), 8 survivors (8192K)
 Metaspace       used 120460K, committed 121856K, reserved 557056K
  class space    used 16584K, committed 17280K, reserved 425984K
}
Event: 24.756 GC heap after
{Heap after GC invocations=69 (full 0):
 garbage-first heap   total 413696K, used 259743K [0x0000000080000000, 0x0000000100000000)
  region size 1024K, 8 young (8192K), 8 survivors (8192K)
 Metaspace       used 120460K, committed 121856K, reserved 557056K
  class space    used 16584K, committed 17280K, reserved 425984K
}
Event: 1364.959 GC heap before
{Heap before GC invocations=69 (full 0):
 garbage-first heap   total 413696K, used 351903K [0x0000000080000000, 0x0000000100000000)
  region size 1024K, 99 young (101376K), 8 survivors (8192K)
 Metaspace       used 122997K, committed 124416K, reserved 557056K
  class space    used 16896K, committed 17600K, reserved 425984K
}
Event: 1365.116 GC heap after
{Heap after GC invocations=70 (full 0):
 garbage-first heap   total 413696K, used 263043K [0x0000000080000000, 0x0000000100000000)
  region size 1024K, 9 young (9216K), 9 survivors (9216K)
 Metaspace       used 122997K, committed 124416K, reserved 557056K
  class space    used 16896K, committed 17600K, reserved 425984K
}

